<?xml version="1.0" encoding="UTF-8"?>
<!-- Generated by org.testng.reporters.JUnitReportReporter -->
<testsuite hostname="SAGAR-PC" failures="0" tests="1" name="testngpack.Sumo" time="0.021" errors="0" timestamp="2022-06-04T08:43:51 IST" skipped="0">
  <testcase classname="testngpack.Sumo" name="a" time="0.021"/>
  <system-out>
    <![CDATA[sumo class method]]>
  </system-out>
</testsuite> <!-- testngpack.Sumo -->
