<?xml version="1.0" encoding="UTF-8"?>
<!-- Generated by org.testng.reporters.JUnitReportReporter -->
<testsuite hostname="SAGAR-PC" failures="0" tests="12" name="testngflag.Flag7" time="0.110" errors="0" timestamp="2022-06-06T09:21:34 IST" skipped="0">
  <testcase classname="testngflag.Flag7" name="ft2" time="0.007"/>
  <system-out>
    <![CDATA[ft2]]>
  </system-out>
  <testcase classname="testngflag.Flag7" name="ft4" time="0.016"/>
  <system-out>
    <![CDATA[ft4]]>
  </system-out>
  <testcase classname="testngflag.Flag7" name="it1" time="0.002"/>
  <system-out>
    <![CDATA[it1]]>
  </system-out>
  <testcase classname="testngflag.Flag7" name="it2" time="0.002"/>
  <system-out>
    <![CDATA[it2]]>
  </system-out>
  <testcase classname="testngflag.Flag7" name="it4" time="0.014"/>
  <system-out>
    <![CDATA[it4]]>
  </system-out>
  <testcase classname="testngflag.Flag7" name="ft1" time="0.032"/>
  <system-out>
    <![CDATA[ft1]]>
  </system-out>
  <testcase classname="testngflag.Flag7" name="it5" time="0.006"/>
  <system-out>
    <![CDATA[it5]]>
  </system-out>
  <testcase classname="testngflag.Flag7" name="it6" time="0.004"/>
  <system-out>
    <![CDATA[it6]]>
  </system-out>
  <testcase classname="testngflag.Flag7" name="ft3" time="0.008"/>
  <system-out>
    <![CDATA[ft3]]>
  </system-out>
  <testcase classname="testngflag.Flag7" name="ft5" time="0.004"/>
  <system-out>
    <![CDATA[ft5]]>
  </system-out>
  <testcase classname="testngflag.Flag7" name="it3" time="0.009"/>
  <system-out>
    <![CDATA[it3]]>
  </system-out>
  <testcase classname="testngflag.Flag7" name="ft6" time="0.006"/>
  <system-out>
    <![CDATA[ft6]]>
  </system-out>
</testsuite> <!-- testngflag.Flag7 -->
