<?xml version="1.0" encoding="UTF-8"?>
<!-- Generated by org.testng.reporters.JUnitReportReporter -->
<testsuite hostname="SAGAR-PC" failures="0" tests="2" name="testngpack.ActiTimeLogin" time="55.075" errors="0" timestamp="2022-06-08T08:27:42 IST" skipped="0">
  <testcase classname="testngpack.ActiTimeLogin" name="actiTimeLogin" time="13.362"/>
  <system-out/>
  <testcase classname="testngpack.ActiTimeLogin" name="actiTimeLogin" time="41.713"/>
  <system-out/>
</testsuite> <!-- testngpack.ActiTimeLogin -->
