<?xml version="1.0" encoding="UTF-8"?>
<!-- Generated by org.testng.reporters.JUnitReportReporter -->
<testsuite hostname="SAGAR-PC" failures="0" tests="2" name="testngflag.Flag2" time="0.015" errors="0" timestamp="2022-06-05T21:27:36 IST" skipped="1">
  <testcase classname="testngflag.Flag2" name="login" time="0.015"/>
  <system-out>
    <![CDATA[login performed]]>
  </system-out>
  <testcase classname="testngflag.Flag2" name="logout">
    <skipped/>
  </testcase> <!-- logout -->
  <system-out/>
</testsuite> <!-- testngflag.Flag2 -->
