<?xml version="1.0" encoding="UTF-8"?>
<!-- Generated by org.testng.reporters.JUnitReportReporter -->
<testsuite hostname="SAGAR-PC" failures="0" tests="1" name="testngpack.Remo" time="0.005" errors="0" timestamp="2022-06-04T08:43:51 IST" skipped="0">
  <testcase classname="testngpack.Remo" name="a" time="0.005"/>
  <system-out>
    <![CDATA[remo class method]]>
  </system-out>
</testsuite> <!-- testngpack.Remo -->
