<?xml version="1.0" encoding="UTF-8"?>
<!-- Generated by org.testng.reporters.JUnitReportReporter -->
<testsuite hostname="SAGAR" failures="0" tests="3" name="practice.Practice1" time="0.026" errors="0" timestamp="2022-06-09T19:21:41 IST" skipped="0">
  <testcase classname="practice.Practice1" name="aSlowTest" time="0.004"/>
  <system-out>
    <![CDATA[SlowTest]]>
  </system-out>
  <testcase classname="practice.Practice1" name="aFastTest" time="0.019"/>
  <system-out>
    <![CDATA[FastTest]]>
  </system-out>
  <testcase classname="practice.Practice1" name="setUp" time="0.003"/>
  <system-out/>
</testsuite> <!-- practice.Practice1 -->
