<?xml version="1.0" encoding="UTF-8"?>
<!-- Generated by org.testng.reporters.JUnitReportReporter -->
<testsuite hostname="SAGAR-PC" failures="0" tests="1" name="testngflag.Flag1" time="0.066" errors="0" timestamp="2022-06-05T21:21:01 IST" skipped="0">
  <testcase classname="testngflag.Flag1" name="login" time="0.066"/>
  <system-out>
    <![CDATA[Login is performed]]>
  </system-out>
</testsuite> <!-- testngflag.Flag1 -->
